<?xml version="1.0" encoding="UTF-8"?>
<testsuite xmlns:xsi="http://www.w3.org/2001/XMLSchema-instance" xsi:noNamespaceSchemaLocation="https://maven.apache.org/surefire/maven-surefire-plugin/xsd/surefire-test-report.xsd" version="3.0.2" name="com.example.jsonExam.Project1ApplicationTests" time="7.331" tests="1" errors="0" skipped="0" failures="0">
  <properties>
[...]
</properties>
  <testcase name="contextLoads" classname="com.example.jsonExam.Project1ApplicationTests" time="1.226">
    <system-out><![CDATA[10:48:25.268 [main] INFO org.springframework.test.context.support.AnnotationConfigContextLoaderUtils -- Could not detect default configuration classes for test class [com.example.jsonExam.Project1ApplicationTests]: Project1ApplicationTests does not declare any static, non-private, non-final, nested classes annotated with @Configuration.
10:48:25.467 [main] INFO org.springframework.boot.test.context.SpringBootTestContextBootstrapper -- Found @SpringBootConfiguration com.example.jsonExam.ProjectTeam5Application for test class com.example.jsonExam.Project1ApplicationTests

  .   ____          _            __ _ _
 /\\ / ___'_ __ _ _(_)_ __  __ _ \ \ \ \
( ( )\___ | '_ | '_| | '_ \/ _` | \ \ \ \
 \\/  ___)| |_)| | | | | || (_| |  ) ) ) )
  '  |____| .__|_| |_|_| |_\__, | / / / /
 =========|_|==============|___/=/_/_/_/

 :: Spring Boot ::                (v3.4.5)

2025-06-11T10:48:26.076+09:00  INFO 30780 --- [project1] [           main] c.e.jsonExam.Project1ApplicationTests    : Starting Project1ApplicationTests using Java 17.0.11 with PID 30780 (started by USER in C:\web\workspace\project-team5)
2025-06-11T10:48:26.078+09:00  INFO 30780 --- [project1] [           main] c.e.jsonExam.Project1ApplicationTests    : No active profile set, falling back to 1 default profile: "default"
2025-06-11T10:48:27.218+09:00  INFO 30780 --- [project1] [           main] .s.d.r.c.RepositoryConfigurationDelegate : Multiple Spring Data modules found, entering strict repository configuration mode
2025-06-11T10:48:27.222+09:00  INFO 30780 --- [project1] [           main] .s.d.r.c.RepositoryConfigurationDelegate : Bootstrapping Spring Data Redis repositories in DEFAULT mode.
2025-06-11T10:48:27.270+09:00  INFO 30780 --- [project1] [           main] .s.d.r.c.RepositoryConfigurationDelegate : Finished Spring Data repository scanning in 26 ms. Found 0 Redis repository interfaces.
2025-06-11T10:48:31.133+09:00  INFO 30780 --- [project1] [           main] c.e.jsonExam.Project1ApplicationTests    : Started Project1ApplicationTests in 5.44 seconds (process running for 6.928)
]]></system-out>
  </testcase>
</testsuite>